[17:06:23] [Client thread/INFO]: Setting user: User
[17:06:23] [Client thread/WARN]: Skipping bad option: lastServer:
[17:06:23] [Client thread/INFO]: LWJGL Version: 2.9.4
[17:06:25] [Client thread/INFO]: Reloading ResourceManager: Default
[17:06:26] [Sound Library Loader/INFO]: Starting up SoundSystem...
[17:06:26] [Thread-3/INFO]: Initializing LWJGL OpenAL
[17:06:26] [Thread-3/INFO]: (The LWJGL binding of OpenAL.  For more information, see http://www.lwjgl.org)
[17:06:26] [Thread-3/INFO]: OpenAL initialized.
[17:06:26] [Sound Library Loader/INFO]: Sound engine started
[17:06:28] [Client thread/INFO]: Created: 1024x512 textures-atlas
[17:06:29] [Client thread/INFO]: Narrator library for x64 successfully loaded
[17:06:29] [Realms Notification Availability checker #1/ERROR]: Realms error code: 400 message: 
[17:06:32] [Realms Notification Availability checker #1/ERROR]: Realms error code: 400 message: 
[17:06:33] [Realms Notification Availability checker #1/ERROR]: Realms error code: 400 message: 
[17:06:37] [Realms Notification Availability checker #1/ERROR]: Realms error code: 400 message: 
[17:06:37] [Server thread/INFO]: Starting integrated minecraft server version 1.12.2
[17:06:37] [Server thread/INFO]: Generating keypair
[17:06:37] [Server thread/INFO]: Loaded 488 advancements
[17:06:38] [Server thread/INFO]: Preparing start region for level 0
[17:06:39] [Server thread/INFO]: Preparing spawn area: 30%
[17:06:40] [Server thread/INFO]: Preparing spawn area: 64%
[17:06:41] [Server thread/INFO]: Changing view distance to 32, from 10
[17:06:41] [Server thread/INFO]: User[local:E:ba10056d] logged in with entity id 289 at (-63.5, 63.0, -33.5)
[17:06:41] [Server thread/INFO]: User joined the game
[17:06:42] [Server thread/INFO]: Saving and pausing game...
[17:06:42] [Server thread/INFO]: Saving chunks for level 'New World'/overworld
[17:06:42] [Server thread/INFO]: Saving chunks for level 'New World'/the_nether
[17:06:42] [Server thread/INFO]: Saving chunks for level 'New World'/the_end
[17:06:44] [Server thread/WARN]: Can't keep up! Did the system time change, or is the server overloaded? Running 2076ms behind, skipping 41 tick(s)
[17:06:53] [Server thread/INFO]: Saving and pausing game...
[17:06:53] [Server thread/INFO]: Saving chunks for level 'New World'/overworld
[17:06:54] [Server thread/INFO]: Saving chunks for level 'New World'/the_nether
[17:06:54] [Server thread/INFO]: Saving chunks for level 'New World'/the_end
[17:06:55] [Server thread/INFO]: Stopping server
[17:06:55] [Server thread/INFO]: Saving players
[17:06:55] [Server thread/INFO]: User lost connection: Disconnected
[17:06:55] [Server thread/INFO]: User left the game
[17:06:55] [Server thread/INFO]: Stopping singleplayer server as player logged out
[17:06:55] [Server thread/INFO]: Saving worlds
[17:06:55] [Server thread/INFO]: Saving chunks for level 'New World'/overworld
[17:06:55] [Server thread/INFO]: Saving chunks for level 'New World'/the_nether
[17:06:55] [Server thread/INFO]: Saving chunks for level 'New World'/the_end
[17:06:55] [Realms Notification Availability checker #1/ERROR]: Realms error code: 400 message: 
[17:06:57] [Client thread/INFO]: Stopping!
[17:06:57] [Client thread/INFO]: SoundSystem shutting down...
[17:06:58] [Client thread/WARN]: Author: Paul Lamb, www.paulscode.com
